<?xml version="1.0" encoding="UTF-8"?>
<!-- Generated by org.testng.reporters.JUnitXMLReporter -->
<testsuite hostname="DESKTOP-EQHIDO3" name="Default test" tests="8" failures="0" timestamp="26 Feb 2020 03:43:54 GMT" time="704.471" errors="0">
  <testcase name="LoginModule" time="36.183" classname="com.esg.executableclasses.Compressed_FileUpload_With_Installation_ExecutableClass"/>
  <testcase name="Upload" time="196.689" classname="com.esg.executableclasses.Compressed_FileUpload_With_Installation_ExecutableClass"/>
  <testcase name="EnrollmentModule" time="101.278" classname="com.esg.executableclasses.Compressed_FileUpload_With_Installation_ExecutableClass"/>
  <testcase name="ApplicationValidationModule" time="101.025" classname="com.esg.executableclasses.Compressed_FileUpload_With_Installation_ExecutableClass"/>
  <testcase name="InstallationValidationModule" time="76.557" classname="com.esg.executableclasses.Compressed_FileUpload_With_Installation_ExecutableClass"/>
  <testcase name="JobCostSummaryValidationModule" time="39.462" classname="com.esg.executableclasses.Compressed_FileUpload_With_Installation_ExecutableClass"/>
  <testcase name="InvoicingModule" time="70.454" classname="com.esg.executableclasses.Compressed_FileUpload_With_Installation_ExecutableClass"/>
  <testcase name="GenerateInvoiceModule" time="82.346" classname="com.esg.executableclasses.Compressed_FileUpload_With_Installation_ExecutableClass"/>
</testsuite> <!-- Default test -->
