<?xml version="1.0" encoding="UTF-8"?>
<testng-results skipped="0" failed="1" total="1" passed="0">
  <reporter-output>
  </reporter-output>
  <suite name="Default suite" duration-ms="409320" started-at="2020-02-26T05:35:26Z" finished-at="2020-02-26T05:42:16Z">
    <groups>
      <group name="CEERefrigerator">
        <method signature="Certified_Product_List_CPL_ExecutableClass.CEERefrigerator()[pri:19, instance:com.esg.executableclasses.Certified_Product_List_CPL_ExecutableClass@2d209079]" name="CEERefrigerator" class="com.esg.executableclasses.Certified_Product_List_CPL_ExecutableClass"/>
      </group> <!-- CEERefrigerator -->
    </groups>
    <test name="Default test" duration-ms="409320" started-at="2020-02-26T05:35:26Z" finished-at="2020-02-26T05:42:16Z">
      <class name="com.esg.executableclasses.Certified_Product_List_CPL_ExecutableClass">
        <test-method status="PASS" signature="Initialization()[pri:0, instance:com.esg.executableclasses.Certified_Product_List_CPL_ExecutableClass@2d209079]" name="Initialization" is-config="true" duration-ms="168" started-at="2020-02-26T11:05:26Z" finished-at="2020-02-26T11:05:27Z">
          <reporter-output>
          </reporter-output>
        </test-method> <!-- Initialization -->
        <test-method status="FAIL" signature="CEERefrigerator()[pri:19, instance:com.esg.executableclasses.Certified_Product_List_CPL_ExecutableClass@2d209079]" name="CEERefrigerator" duration-ms="408492" started-at="2020-02-26T11:05:27Z" finished-at="2020-02-26T11:12:15Z">
          <exception class="org.openqa.selenium.WebDriverException">
            <message>
              <![CDATA[unknown error: Element <input type="submit" name="ctl00$cphSiteMaster$btnSimpleSearch" value="Search" onclick="return ValidateSimpleSearch();WebForm_DoPostBackWithOptions(new WebForm_PostBackOptions(&quot;ctl00$cphSiteMaster$btnSimpleSearch&quot;, &quot;&quot;, true, &quot;&quot;, &quot;&quot;, false, false))" id="ctl00_cphSiteMaster_btnSimpleSearch" class="btn btn-default" style="margin-bottom: 15px"> is not clickable at point (673, 596). Other element would receive the click: <div id="footer-wrapper">...</div>
  (Session info: chrome=80.0.3987.122)
  (Driver info: chromedriver=2.43.600210 (68dcf5eebde37173d4027fa8635e332711d2874a),platform=Windows NT 10.0.18362 x86_64) (WARNING: The server did not provide any stacktrace information)
Command duration or timeout: 0 milliseconds
Build info: version: '3.141.59', revision: 'e82be7d358', time: '2018-11-14T08:17:03'
System info: host: 'DESKTOP-EQHIDO3', ip: '172.16.53.94', os.name: 'Windows 10', os.arch: 'amd64', os.version: '10.0', java.version: '1.8.0_191'
Driver info: org.openqa.selenium.chrome.ChromeDriver
Capabilities {acceptInsecureCerts: false, acceptSslCerts: false, applicationCacheEnabled: false, browserConnectionEnabled: false, browserName: chrome, chrome: {chromedriverVersion: 2.43.600210 (68dcf5eebde371..., userDataDir: C:\Users\Admin\AppData\Loca...}, cssSelectorsEnabled: true, databaseEnabled: false, goog:chromeOptions: {debuggerAddress: localhost:62502}, handlesAlerts: true, hasTouchScreen: false, javascriptEnabled: true, locationContextEnabled: true, mobileEmulationEnabled: false, nativeEvents: true, networkConnectionEnabled: false, pageLoadStrategy: normal, platform: XP, platformName: XP, rotatable: false, setWindowRect: true, takesHeapSnapshot: true, takesScreenshot: true, unexpectedAlertBehaviour: , unhandledPromptBehavior: , version: 80.0.3987.122, webStorageEnabled: true}
Session ID: 5b47630f642083329500dae3432dfb83]]>
            </message>
            <full-stacktrace>
              <![CDATA[org.openqa.selenium.WebDriverException: unknown error: Element <input type="submit" name="ctl00$cphSiteMaster$btnSimpleSearch" value="Search" onclick="return ValidateSimpleSearch();WebForm_DoPostBackWithOptions(new WebForm_PostBackOptions(&quot;ctl00$cphSiteMaster$btnSimpleSearch&quot;, &quot;&quot;, true, &quot;&quot;, &quot;&quot;, false, false))" id="ctl00_cphSiteMaster_btnSimpleSearch" class="btn btn-default" style="margin-bottom: 15px"> is not clickable at point (673, 596). Other element would receive the click: <div id="footer-wrapper">...</div>
  (Session info: chrome=80.0.3987.122)
  (Driver info: chromedriver=2.43.600210 (68dcf5eebde37173d4027fa8635e332711d2874a),platform=Windows NT 10.0.18362 x86_64) (WARNING: The server did not provide any stacktrace information)
Command duration or timeout: 0 milliseconds
Build info: version: '3.141.59', revision: 'e82be7d358', time: '2018-11-14T08:17:03'
System info: host: 'DESKTOP-EQHIDO3', ip: '172.16.53.94', os.name: 'Windows 10', os.arch: 'amd64', os.version: '10.0', java.version: '1.8.0_191'
Driver info: org.openqa.selenium.chrome.ChromeDriver
Capabilities {acceptInsecureCerts: false, acceptSslCerts: false, applicationCacheEnabled: false, browserConnectionEnabled: false, browserName: chrome, chrome: {chromedriverVersion: 2.43.600210 (68dcf5eebde371..., userDataDir: C:\Users\Admin\AppData\Loca...}, cssSelectorsEnabled: true, databaseEnabled: false, goog:chromeOptions: {debuggerAddress: localhost:62502}, handlesAlerts: true, hasTouchScreen: false, javascriptEnabled: true, locationContextEnabled: true, mobileEmulationEnabled: false, nativeEvents: true, networkConnectionEnabled: false, pageLoadStrategy: normal, platform: XP, platformName: XP, rotatable: false, setWindowRect: true, takesHeapSnapshot: true, takesScreenshot: true, unexpectedAlertBehaviour: , unhandledPromptBehavior: , version: 80.0.3987.122, webStorageEnabled: true}
Session ID: 5b47630f642083329500dae3432dfb83
	at sun.reflect.NativeConstructorAccessorImpl.newInstance0(Native Method)
	at sun.reflect.NativeConstructorAccessorImpl.newInstance(NativeConstructorAccessorImpl.java:62)
	at sun.reflect.DelegatingConstructorAccessorImpl.newInstance(DelegatingConstructorAccessorImpl.java:45)
	at java.lang.reflect.Constructor.newInstance(Constructor.java:423)
	at org.openqa.selenium.remote.ErrorHandler.createThrowable(ErrorHandler.java:214)
	at org.openqa.selenium.remote.ErrorHandler.throwIfResponseFailed(ErrorHandler.java:166)
	at org.openqa.selenium.remote.http.JsonHttpResponseCodec.reconstructValue(JsonHttpResponseCodec.java:40)
	at org.openqa.selenium.remote.http.AbstractHttpResponseCodec.decode(AbstractHttpResponseCodec.java:80)
	at org.openqa.selenium.remote.http.AbstractHttpResponseCodec.decode(AbstractHttpResponseCodec.java:44)
	at org.openqa.selenium.remote.HttpCommandExecutor.execute(HttpCommandExecutor.java:158)
	at org.openqa.selenium.remote.service.DriverCommandExecutor.execute(DriverCommandExecutor.java:83)
	at org.openqa.selenium.remote.RemoteWebDriver.execute(RemoteWebDriver.java:552)
	at org.openqa.selenium.remote.RemoteWebElement.execute(RemoteWebElement.java:285)
	at org.openqa.selenium.remote.RemoteWebElement.click(RemoteWebElement.java:84)
	at com.esg.utilities.BaseClass.clickWebelement(BaseClass.java:169)
	at com.esg.testclasses.Certified_Product_List_CPL_TestClass.EECPApplicationRefrigerator(Certified_Product_List_CPL_TestClass.java:1846)
	at com.esg.executableclasses.Certified_Product_List_CPL_ExecutableClass.CEERefrigerator(Certified_Product_List_CPL_ExecutableClass.java:211)
	at sun.reflect.NativeMethodAccessorImpl.invoke0(Native Method)
	at sun.reflect.NativeMethodAccessorImpl.invoke(NativeMethodAccessorImpl.java:62)
	at sun.reflect.DelegatingMethodAccessorImpl.invoke(DelegatingMethodAccessorImpl.java:43)
	at java.lang.reflect.Method.invoke(Method.java:498)
	at org.testng.internal.MethodInvocationHelper.invokeMethod(MethodInvocationHelper.java:86)
	at org.testng.internal.Invoker.invokeMethod(Invoker.java:645)
	at org.testng.internal.Invoker.invokeTestMethod(Invoker.java:822)
	at org.testng.internal.Invoker.invokeTestMethods(Invoker.java:1130)
	at org.testng.internal.TestMethodWorker.invokeTestMethods(TestMethodWorker.java:129)
	at org.testng.internal.TestMethodWorker.run(TestMethodWorker.java:112)
	at org.testng.TestRunner.privateRun(TestRunner.java:782)
	at org.testng.TestRunner.run(TestRunner.java:632)
	at org.testng.SuiteRunner.runTest(SuiteRunner.java:366)
	at org.testng.SuiteRunner.runSequentially(SuiteRunner.java:361)
	at org.testng.SuiteRunner.privateRun(SuiteRunner.java:319)
	at org.testng.SuiteRunner.run(SuiteRunner.java:268)
	at org.testng.SuiteRunnerWorker.runSuite(SuiteRunnerWorker.java:52)
	at org.testng.SuiteRunnerWorker.run(SuiteRunnerWorker.java:86)
	at org.testng.TestNG.runSuitesSequentially(TestNG.java:1244)
	at org.testng.TestNG.runSuitesLocally(TestNG.java:1169)
	at org.testng.TestNG.run(TestNG.java:1064)
	at org.testng.remote.RemoteTestNG.run(RemoteTestNG.java:113)
	at org.testng.remote.RemoteTestNG.initAndRun(RemoteTestNG.java:206)
	at org.testng.remote.RemoteTestNG.main(RemoteTestNG.java:177)
]]>
            </full-stacktrace>
          </exception> <!-- org.openqa.selenium.WebDriverException -->
          <reporter-output>
          </reporter-output>
        </test-method> <!-- CEERefrigerator -->
        <test-method status="PASS" signature="getStatusWithScreenshot(org.testng.ITestResult)[pri:0, instance:com.esg.executableclasses.Certified_Product_List_CPL_ExecutableClass@2d209079]" name="getStatusWithScreenshot" is-config="true" duration-ms="398" started-at="2020-02-26T11:12:15Z" finished-at="2020-02-26T11:12:16Z">
          <params>
            <param index="0">
              <value>
                <![CDATA[[TestResult name=CEERefrigerator status=FAILURE method=Certified_Product_List_CPL_ExecutableClass.CEERefrigerator()[pri:19, instance:com.esg.executableclasses.Certified_Product_List_CPL_ExecutableClass@2d209079] output={null}]]]>
              </value>
            </param>
          </params>
          <reporter-output>
          </reporter-output>
        </test-method> <!-- getStatusWithScreenshot -->
        <test-method status="PASS" signature="Report()[pri:0, instance:com.esg.executableclasses.Certified_Product_List_CPL_ExecutableClass@2d209079]" name="Report" is-config="true" duration-ms="248" started-at="2020-02-26T11:12:16Z" finished-at="2020-02-26T11:12:16Z">
          <reporter-output>
          </reporter-output>
        </test-method> <!-- Report -->
      </class> <!-- com.esg.executableclasses.Certified_Product_List_CPL_ExecutableClass -->
    </test> <!-- Default test -->
  </suite> <!-- Default suite -->
</testng-results>
