<?xml version="1.0" encoding="UTF-8"?>
<testng-results skipped="0" failed="0" total="8" passed="8">
  <reporter-output>
  </reporter-output>
  <suite name="Default suite" duration-ms="704471" started-at="2020-02-26T03:32:09Z" finished-at="2020-02-26T03:43:54Z">
    <groups>
    </groups>
    <test name="Default test" duration-ms="704471" started-at="2020-02-26T03:32:09Z" finished-at="2020-02-26T03:43:54Z">
      <class name="com.esg.executableclasses.Compressed_FileUpload_With_Installation_ExecutableClass">
        <test-method status="PASS" signature="InitilizationModule()[pri:0, instance:com.esg.executableclasses.Compressed_FileUpload_With_Installation_ExecutableClass@6bdf28bb]" name="InitilizationModule" is-config="true" duration-ms="197" started-at="2020-02-26T09:02:09Z" finished-at="2020-02-26T09:02:09Z">
          <reporter-output>
          </reporter-output>
        </test-method> <!-- InitilizationModule -->
        <test-method status="PASS" signature="LoginModule()[pri:1, instance:com.esg.executableclasses.Compressed_FileUpload_With_Installation_ExecutableClass@6bdf28bb]" name="LoginModule" duration-ms="36183" started-at="2020-02-26T09:02:09Z" finished-at="2020-02-26T09:02:46Z">
          <reporter-output>
          </reporter-output>
        </test-method> <!-- LoginModule -->
        <test-method status="PASS" signature="getResult(org.testng.ITestResult)[pri:0, instance:com.esg.executableclasses.Compressed_FileUpload_With_Installation_ExecutableClass@6bdf28bb]" name="getResult" is-config="true" duration-ms="1" started-at="2020-02-26T09:02:46Z" finished-at="2020-02-26T09:02:46Z">
          <params>
            <param index="0">
              <value>
                <![CDATA[[TestResult name=LoginModule status=SUCCESS method=Compressed_FileUpload_With_Installation_ExecutableClass.LoginModule()[pri:1, instance:com.esg.executableclasses.Compressed_FileUpload_With_Installation_ExecutableClass@6bdf28bb] output={null}]]]>
              </value>
            </param>
          </params>
          <reporter-output>
          </reporter-output>
        </test-method> <!-- getResult -->
        <test-method status="PASS" signature="Upload()[pri:2, instance:com.esg.executableclasses.Compressed_FileUpload_With_Installation_ExecutableClass@6bdf28bb]" name="Upload" duration-ms="196689" started-at="2020-02-26T09:02:46Z" finished-at="2020-02-26T09:06:02Z">
          <reporter-output>
          </reporter-output>
        </test-method> <!-- Upload -->
        <test-method status="PASS" signature="getResult(org.testng.ITestResult)[pri:0, instance:com.esg.executableclasses.Compressed_FileUpload_With_Installation_ExecutableClass@6bdf28bb]" name="getResult" is-config="true" duration-ms="0" started-at="2020-02-26T09:06:02Z" finished-at="2020-02-26T09:06:02Z">
          <params>
            <param index="0">
              <value>
                <![CDATA[[TestResult name=Upload status=SUCCESS method=Compressed_FileUpload_With_Installation_ExecutableClass.Upload()[pri:2, instance:com.esg.executableclasses.Compressed_FileUpload_With_Installation_ExecutableClass@6bdf28bb] output={null}]]]>
              </value>
            </param>
          </params>
          <reporter-output>
          </reporter-output>
        </test-method> <!-- getResult -->
        <test-method status="PASS" signature="EnrollmentModule()[pri:3, instance:com.esg.executableclasses.Compressed_FileUpload_With_Installation_ExecutableClass@6bdf28bb]" name="EnrollmentModule" duration-ms="101278" started-at="2020-02-26T09:06:02Z" finished-at="2020-02-26T09:07:44Z">
          <reporter-output>
          </reporter-output>
        </test-method> <!-- EnrollmentModule -->
        <test-method status="PASS" signature="ApplicationValidationModule()[pri:4, instance:com.esg.executableclasses.Compressed_FileUpload_With_Installation_ExecutableClass@6bdf28bb]" name="ApplicationValidationModule" duration-ms="101025" started-at="2020-02-26T09:07:44Z" finished-at="2020-02-26T09:09:25Z">
          <reporter-output>
          </reporter-output>
        </test-method> <!-- ApplicationValidationModule -->
        <test-method status="PASS" signature="getResult(org.testng.ITestResult)[pri:0, instance:com.esg.executableclasses.Compressed_FileUpload_With_Installation_ExecutableClass@6bdf28bb]" name="getResult" is-config="true" duration-ms="0" started-at="2020-02-26T09:07:44Z" finished-at="2020-02-26T09:07:44Z">
          <params>
            <param index="0">
              <value>
                <![CDATA[[TestResult name=EnrollmentModule status=SUCCESS method=Compressed_FileUpload_With_Installation_ExecutableClass.EnrollmentModule()[pri:3, instance:com.esg.executableclasses.Compressed_FileUpload_With_Installation_ExecutableClass@6bdf28bb] output={null}]]]>
              </value>
            </param>
          </params>
          <reporter-output>
          </reporter-output>
        </test-method> <!-- getResult -->
        <test-method status="PASS" signature="getResult(org.testng.ITestResult)[pri:0, instance:com.esg.executableclasses.Compressed_FileUpload_With_Installation_ExecutableClass@6bdf28bb]" name="getResult" is-config="true" duration-ms="0" started-at="2020-02-26T09:09:25Z" finished-at="2020-02-26T09:09:25Z">
          <params>
            <param index="0">
              <value>
                <![CDATA[[TestResult name=ApplicationValidationModule status=SUCCESS method=Compressed_FileUpload_With_Installation_ExecutableClass.ApplicationValidationModule()[pri:4, instance:com.esg.executableclasses.Compressed_FileUpload_With_Installation_ExecutableClass@6bdf28bb] output={null}]]]>
              </value>
            </param>
          </params>
          <reporter-output>
          </reporter-output>
        </test-method> <!-- getResult -->
        <test-method status="PASS" signature="InstallationValidationModule()[pri:5, instance:com.esg.executableclasses.Compressed_FileUpload_With_Installation_ExecutableClass@6bdf28bb]" name="InstallationValidationModule" duration-ms="76557" started-at="2020-02-26T09:09:25Z" finished-at="2020-02-26T09:10:41Z">
          <reporter-output>
          </reporter-output>
        </test-method> <!-- InstallationValidationModule -->
        <test-method status="PASS" signature="getResult(org.testng.ITestResult)[pri:0, instance:com.esg.executableclasses.Compressed_FileUpload_With_Installation_ExecutableClass@6bdf28bb]" name="getResult" is-config="true" duration-ms="0" started-at="2020-02-26T09:10:41Z" finished-at="2020-02-26T09:10:41Z">
          <params>
            <param index="0">
              <value>
                <![CDATA[[TestResult name=InstallationValidationModule status=SUCCESS method=Compressed_FileUpload_With_Installation_ExecutableClass.InstallationValidationModule()[pri:5, instance:com.esg.executableclasses.Compressed_FileUpload_With_Installation_ExecutableClass@6bdf28bb] output={null}]]]>
              </value>
            </param>
          </params>
          <reporter-output>
          </reporter-output>
        </test-method> <!-- getResult -->
        <test-method status="PASS" signature="JobCostSummaryValidationModule()[pri:6, instance:com.esg.executableclasses.Compressed_FileUpload_With_Installation_ExecutableClass@6bdf28bb]" name="JobCostSummaryValidationModule" duration-ms="39462" started-at="2020-02-26T09:10:41Z" finished-at="2020-02-26T09:11:21Z">
          <reporter-output>
          </reporter-output>
        </test-method> <!-- JobCostSummaryValidationModule -->
        <test-method status="PASS" signature="getResult(org.testng.ITestResult)[pri:0, instance:com.esg.executableclasses.Compressed_FileUpload_With_Installation_ExecutableClass@6bdf28bb]" name="getResult" is-config="true" duration-ms="0" started-at="2020-02-26T09:11:21Z" finished-at="2020-02-26T09:11:21Z">
          <params>
            <param index="0">
              <value>
                <![CDATA[[TestResult name=JobCostSummaryValidationModule status=SUCCESS method=Compressed_FileUpload_With_Installation_ExecutableClass.JobCostSummaryValidationModule()[pri:6, instance:com.esg.executableclasses.Compressed_FileUpload_With_Installation_ExecutableClass@6bdf28bb] output={null}]]]>
              </value>
            </param>
          </params>
          <reporter-output>
          </reporter-output>
        </test-method> <!-- getResult -->
        <test-method status="PASS" signature="InvoicingModule()[pri:7, instance:com.esg.executableclasses.Compressed_FileUpload_With_Installation_ExecutableClass@6bdf28bb]" name="InvoicingModule" duration-ms="70454" started-at="2020-02-26T09:11:21Z" finished-at="2020-02-26T09:12:31Z">
          <reporter-output>
          </reporter-output>
        </test-method> <!-- InvoicingModule -->
        <test-method status="PASS" signature="getResult(org.testng.ITestResult)[pri:0, instance:com.esg.executableclasses.Compressed_FileUpload_With_Installation_ExecutableClass@6bdf28bb]" name="getResult" is-config="true" duration-ms="1" started-at="2020-02-26T09:12:31Z" finished-at="2020-02-26T09:12:31Z">
          <params>
            <param index="0">
              <value>
                <![CDATA[[TestResult name=InvoicingModule status=SUCCESS method=Compressed_FileUpload_With_Installation_ExecutableClass.InvoicingModule()[pri:7, instance:com.esg.executableclasses.Compressed_FileUpload_With_Installation_ExecutableClass@6bdf28bb] output={null}]]]>
              </value>
            </param>
          </params>
          <reporter-output>
          </reporter-output>
        </test-method> <!-- getResult -->
        <test-method status="PASS" signature="GenerateInvoiceModule()[pri:8, instance:com.esg.executableclasses.Compressed_FileUpload_With_Installation_ExecutableClass@6bdf28bb]" name="GenerateInvoiceModule" duration-ms="82346" started-at="2020-02-26T09:12:31Z" finished-at="2020-02-26T09:13:53Z">
          <reporter-output>
          </reporter-output>
        </test-method> <!-- GenerateInvoiceModule -->
        <test-method status="PASS" signature="getResult(org.testng.ITestResult)[pri:0, instance:com.esg.executableclasses.Compressed_FileUpload_With_Installation_ExecutableClass@6bdf28bb]" name="getResult" is-config="true" duration-ms="2" started-at="2020-02-26T09:13:53Z" finished-at="2020-02-26T09:13:53Z">
          <params>
            <param index="0">
              <value>
                <![CDATA[[TestResult name=GenerateInvoiceModule status=SUCCESS method=Compressed_FileUpload_With_Installation_ExecutableClass.GenerateInvoiceModule()[pri:8, instance:com.esg.executableclasses.Compressed_FileUpload_With_Installation_ExecutableClass@6bdf28bb] output={null}]]]>
              </value>
            </param>
          </params>
          <reporter-output>
          </reporter-output>
        </test-method> <!-- getResult -->
        <test-method status="PASS" signature="Generate()[pri:0, instance:com.esg.executableclasses.Compressed_FileUpload_With_Installation_ExecutableClass@6bdf28bb]" name="Generate" is-config="true" duration-ms="255" started-at="2020-02-26T09:13:53Z" finished-at="2020-02-26T09:13:54Z">
          <reporter-output>
          </reporter-output>
        </test-method> <!-- Generate -->
      </class> <!-- com.esg.executableclasses.Compressed_FileUpload_With_Installation_ExecutableClass -->
    </test> <!-- Default test -->
  </suite> <!-- Default suite -->
</testng-results>
