<?xml version="1.0" encoding="UTF-8"?>
<testng-results skipped="0" failed="1" total="10" passed="9">
  <reporter-output>
  </reporter-output>
  <suite name="Default suite" duration-ms="2293111" started-at="2020-02-18T08:24:17Z" finished-at="2020-02-18T09:02:30Z">
    <groups>
    </groups>
    <test name="Default test" duration-ms="2293111" started-at="2020-02-18T08:24:17Z" finished-at="2020-02-18T09:02:30Z">
      <class name="com.esg.executableclasses.BenchMarking_ExecutableClass">
        <test-method status="PASS" signature="Initialization()[pri:0, instance:com.esg.executableclasses.BenchMarking_ExecutableClass@6bdf28bb]" name="Initialization" is-config="true" duration-ms="174" started-at="2020-02-18T13:54:17Z" finished-at="2020-02-18T13:54:17Z">
          <reporter-output>
          </reporter-output>
        </test-method> <!-- Initialization -->
        <test-method status="PASS" signature="LoginPage()[pri:1, instance:com.esg.executableclasses.BenchMarking_ExecutableClass@6bdf28bb]" name="LoginPage" duration-ms="52427" started-at="2020-02-18T13:54:17Z" finished-at="2020-02-18T13:55:09Z">
          <reporter-output>
          </reporter-output>
        </test-method> <!-- LoginPage -->
        <test-method status="PASS" signature="getResult(org.testng.ITestResult)[pri:0, instance:com.esg.executableclasses.BenchMarking_ExecutableClass@6bdf28bb]" name="getResult" is-config="true" duration-ms="3" started-at="2020-02-18T13:55:09Z" finished-at="2020-02-18T13:55:09Z">
          <params>
            <param index="0">
              <value>
                <![CDATA[[TestResult name=LoginPage status=SUCCESS method=BenchMarking_ExecutableClass.LoginPage()[pri:1, instance:com.esg.executableclasses.BenchMarking_ExecutableClass@6bdf28bb] output={null}]]]>
              </value>
            </param>
          </params>
          <reporter-output>
          </reporter-output>
        </test-method> <!-- getResult -->
        <test-method status="PASS" signature="Property1_CommercialModule()[pri:2, instance:com.esg.executableclasses.BenchMarking_ExecutableClass@6bdf28bb]" name="Property1_CommercialModule" duration-ms="43211" started-at="2020-02-18T13:55:09Z" finished-at="2020-02-18T13:55:52Z">
          <reporter-output>
          </reporter-output>
        </test-method> <!-- Property1_CommercialModule -->
        <test-method status="PASS" signature="Property2_ComRes1Module()[pri:3, instance:com.esg.executableclasses.BenchMarking_ExecutableClass@6bdf28bb]" name="Property2_ComRes1Module" duration-ms="56948" started-at="2020-02-18T13:55:52Z" finished-at="2020-02-18T13:56:49Z">
          <reporter-output>
          </reporter-output>
        </test-method> <!-- Property2_ComRes1Module -->
        <test-method status="PASS" signature="getResult(org.testng.ITestResult)[pri:0, instance:com.esg.executableclasses.BenchMarking_ExecutableClass@6bdf28bb]" name="getResult" is-config="true" duration-ms="0" started-at="2020-02-18T13:55:52Z" finished-at="2020-02-18T13:55:52Z">
          <params>
            <param index="0">
              <value>
                <![CDATA[[TestResult name=Property1_CommercialModule status=SUCCESS method=BenchMarking_ExecutableClass.Property1_CommercialModule()[pri:2, instance:com.esg.executableclasses.BenchMarking_ExecutableClass@6bdf28bb] output={null}]]]>
              </value>
            </param>
          </params>
          <reporter-output>
          </reporter-output>
        </test-method> <!-- getResult -->
        <test-method status="PASS" signature="getResult(org.testng.ITestResult)[pri:0, instance:com.esg.executableclasses.BenchMarking_ExecutableClass@6bdf28bb]" name="getResult" is-config="true" duration-ms="0" started-at="2020-02-18T13:56:49Z" finished-at="2020-02-18T13:56:49Z">
          <params>
            <param index="0">
              <value>
                <![CDATA[[TestResult name=Property2_ComRes1Module status=SUCCESS method=BenchMarking_ExecutableClass.Property2_ComRes1Module()[pri:3, instance:com.esg.executableclasses.BenchMarking_ExecutableClass@6bdf28bb] output={null}]]]>
              </value>
            </param>
          </params>
          <reporter-output>
          </reporter-output>
        </test-method> <!-- getResult -->
        <test-method status="PASS" signature="Property3_ComRes2Module()[pri:4, instance:com.esg.executableclasses.BenchMarking_ExecutableClass@6bdf28bb]" name="Property3_ComRes2Module" duration-ms="38717" started-at="2020-02-18T13:56:49Z" finished-at="2020-02-18T13:57:28Z">
          <reporter-output>
          </reporter-output>
        </test-method> <!-- Property3_ComRes2Module -->
        <test-method status="PASS" signature="getResult(org.testng.ITestResult)[pri:0, instance:com.esg.executableclasses.BenchMarking_ExecutableClass@6bdf28bb]" name="getResult" is-config="true" duration-ms="0" started-at="2020-02-18T13:57:28Z" finished-at="2020-02-18T13:57:28Z">
          <params>
            <param index="0">
              <value>
                <![CDATA[[TestResult name=Property3_ComRes2Module status=SUCCESS method=BenchMarking_ExecutableClass.Property3_ComRes2Module()[pri:4, instance:com.esg.executableclasses.BenchMarking_ExecutableClass@6bdf28bb] output={null}]]]>
              </value>
            </param>
          </params>
          <reporter-output>
          </reporter-output>
        </test-method> <!-- getResult -->
        <test-method status="PASS" signature="Property4_UnverifiedAddressModule()[pri:5, instance:com.esg.executableclasses.BenchMarking_ExecutableClass@6bdf28bb]" name="Property4_UnverifiedAddressModule" duration-ms="43300" started-at="2020-02-18T13:57:28Z" finished-at="2020-02-18T13:58:11Z">
          <reporter-output>
          </reporter-output>
        </test-method> <!-- Property4_UnverifiedAddressModule -->
        <test-method status="PASS" signature="Property5_AppartmentcampusModule()[pri:6, instance:com.esg.executableclasses.BenchMarking_ExecutableClass@6bdf28bb]" name="Property5_AppartmentcampusModule" duration-ms="36976" started-at="2020-02-18T13:58:11Z" finished-at="2020-02-18T13:58:48Z">
          <reporter-output>
          </reporter-output>
        </test-method> <!-- Property5_AppartmentcampusModule -->
        <test-method status="PASS" signature="getResult(org.testng.ITestResult)[pri:0, instance:com.esg.executableclasses.BenchMarking_ExecutableClass@6bdf28bb]" name="getResult" is-config="true" duration-ms="0" started-at="2020-02-18T13:58:11Z" finished-at="2020-02-18T13:58:11Z">
          <params>
            <param index="0">
              <value>
                <![CDATA[[TestResult name=Property4_UnverifiedAddressModule status=SUCCESS method=BenchMarking_ExecutableClass.Property4_UnverifiedAddressModule()[pri:5, instance:com.esg.executableclasses.BenchMarking_ExecutableClass@6bdf28bb] output={null}]]]>
              </value>
            </param>
          </params>
          <reporter-output>
          </reporter-output>
        </test-method> <!-- getResult -->
        <test-method status="PASS" signature="getResult(org.testng.ITestResult)[pri:0, instance:com.esg.executableclasses.BenchMarking_ExecutableClass@6bdf28bb]" name="getResult" is-config="true" duration-ms="1" started-at="2020-02-18T13:58:48Z" finished-at="2020-02-18T13:58:48Z">
          <params>
            <param index="0">
              <value>
                <![CDATA[[TestResult name=Property5_AppartmentcampusModule status=SUCCESS method=BenchMarking_ExecutableClass.Property5_AppartmentcampusModule()[pri:6, instance:com.esg.executableclasses.BenchMarking_ExecutableClass@6bdf28bb] output={null}]]]>
              </value>
            </param>
          </params>
          <reporter-output>
          </reporter-output>
        </test-method> <!-- getResult -->
        <test-method status="PASS" signature="EECP_PortfolioConfig_Module()[pri:7, instance:com.esg.executableclasses.BenchMarking_ExecutableClass@6bdf28bb]" name="EECP_PortfolioConfig_Module" duration-ms="98873" started-at="2020-02-18T13:58:48Z" finished-at="2020-02-18T14:00:27Z">
          <reporter-output>
          </reporter-output>
        </test-method> <!-- EECP_PortfolioConfig_Module -->
        <test-method status="PASS" signature="getResult(org.testng.ITestResult)[pri:0, instance:com.esg.executableclasses.BenchMarking_ExecutableClass@6bdf28bb]" name="getResult" is-config="true" duration-ms="1" started-at="2020-02-18T14:00:27Z" finished-at="2020-02-18T14:00:27Z">
          <params>
            <param index="0">
              <value>
                <![CDATA[[TestResult name=EECP_PortfolioConfig_Module status=SUCCESS method=BenchMarking_ExecutableClass.EECP_PortfolioConfig_Module()[pri:7, instance:com.esg.executableclasses.BenchMarking_ExecutableClass@6bdf28bb] output={null}]]]>
              </value>
            </param>
          </params>
          <reporter-output>
          </reporter-output>
        </test-method> <!-- getResult -->
        <test-method status="PASS" signature="Verify_Last_Bill_Amount_Module()[pri:8, instance:com.esg.executableclasses.BenchMarking_ExecutableClass@6bdf28bb]" name="Verify_Last_Bill_Amount_Module" duration-ms="63454" started-at="2020-02-18T14:00:27Z" finished-at="2020-02-18T14:01:31Z">
          <reporter-output>
          </reporter-output>
        </test-method> <!-- Verify_Last_Bill_Amount_Module -->
        <test-method status="PASS" signature="getResult(org.testng.ITestResult)[pri:0, instance:com.esg.executableclasses.BenchMarking_ExecutableClass@6bdf28bb]" name="getResult" is-config="true" duration-ms="1" started-at="2020-02-18T14:01:31Z" finished-at="2020-02-18T14:01:31Z">
          <params>
            <param index="0">
              <value>
                <![CDATA[[TestResult name=Verify_Last_Bill_Amount_Module status=SUCCESS method=BenchMarking_ExecutableClass.Verify_Last_Bill_Amount_Module()[pri:8, instance:com.esg.executableclasses.BenchMarking_ExecutableClass@6bdf28bb] output={null}]]]>
              </value>
            </param>
          </params>
          <reporter-output>
          </reporter-output>
        </test-method> <!-- getResult -->
        <test-method status="FAIL" signature="BenchmarkingDataRequestPortalModule()[pri:10, instance:com.esg.executableclasses.BenchMarking_ExecutableClass@6bdf28bb]" name="BenchmarkingDataRequestPortalModule" duration-ms="676890" started-at="2020-02-18T14:01:31Z" finished-at="2020-02-18T14:12:48Z">
          <exception class="org.openqa.selenium.NoSuchElementException">
            <message>
              <![CDATA[no such element: Unable to locate element: {"method":"xpath","selector":"//table[@id='enrollment-building-list']/thead/following-sibling::tbody/tr/td[4]/span"}
  (Session info: chrome=80.0.3987.106)
  (Driver info: chromedriver=2.43.600210 (68dcf5eebde37173d4027fa8635e332711d2874a),platform=Windows NT 10.0.18362 x86_64) (WARNING: The server did not provide any stacktrace information)
Command duration or timeout: 0 milliseconds
For documentation on this error, please visit: https://www.seleniumhq.org/exceptions/no_such_element.html
Build info: version: '3.141.59', revision: 'e82be7d358', time: '2018-11-14T08:17:03'
System info: host: 'DESKTOP-EQHIDO3', ip: '172.16.53.94', os.name: 'Windows 10', os.arch: 'amd64', os.version: '10.0', java.version: '1.8.0_191'
Driver info: org.openqa.selenium.chrome.ChromeDriver
Capabilities {acceptInsecureCerts: false, acceptSslCerts: false, applicationCacheEnabled: false, browserConnectionEnabled: false, browserName: chrome, chrome: {chromedriverVersion: 2.43.600210 (68dcf5eebde371..., userDataDir: C:\Users\Admin\AppData\Loca...}, cssSelectorsEnabled: true, databaseEnabled: false, goog:chromeOptions: {debuggerAddress: localhost:58738}, handlesAlerts: true, hasTouchScreen: false, javascriptEnabled: true, locationContextEnabled: true, mobileEmulationEnabled: false, nativeEvents: true, networkConnectionEnabled: false, pageLoadStrategy: normal, platform: XP, platformName: XP, rotatable: false, setWindowRect: true, takesHeapSnapshot: true, takesScreenshot: true, unexpectedAlertBehaviour: , unhandledPromptBehavior: , version: 80.0.3987.106, webStorageEnabled: true}
Session ID: 19f892f8498771d539445fd70797b21d
*** Element info: {Using=xpath, value=//table[@id='enrollment-building-list']/thead/following-sibling::tbody/tr/td[4]/span}]]>
            </message>
            <full-stacktrace>
              <![CDATA[org.openqa.selenium.NoSuchElementException: no such element: Unable to locate element: {"method":"xpath","selector":"//table[@id='enrollment-building-list']/thead/following-sibling::tbody/tr/td[4]/span"}
  (Session info: chrome=80.0.3987.106)
  (Driver info: chromedriver=2.43.600210 (68dcf5eebde37173d4027fa8635e332711d2874a),platform=Windows NT 10.0.18362 x86_64) (WARNING: The server did not provide any stacktrace information)
Command duration or timeout: 0 milliseconds
For documentation on this error, please visit: https://www.seleniumhq.org/exceptions/no_such_element.html
Build info: version: '3.141.59', revision: 'e82be7d358', time: '2018-11-14T08:17:03'
System info: host: 'DESKTOP-EQHIDO3', ip: '172.16.53.94', os.name: 'Windows 10', os.arch: 'amd64', os.version: '10.0', java.version: '1.8.0_191'
Driver info: org.openqa.selenium.chrome.ChromeDriver
Capabilities {acceptInsecureCerts: false, acceptSslCerts: false, applicationCacheEnabled: false, browserConnectionEnabled: false, browserName: chrome, chrome: {chromedriverVersion: 2.43.600210 (68dcf5eebde371..., userDataDir: C:\Users\Admin\AppData\Loca...}, cssSelectorsEnabled: true, databaseEnabled: false, goog:chromeOptions: {debuggerAddress: localhost:58738}, handlesAlerts: true, hasTouchScreen: false, javascriptEnabled: true, locationContextEnabled: true, mobileEmulationEnabled: false, nativeEvents: true, networkConnectionEnabled: false, pageLoadStrategy: normal, platform: XP, platformName: XP, rotatable: false, setWindowRect: true, takesHeapSnapshot: true, takesScreenshot: true, unexpectedAlertBehaviour: , unhandledPromptBehavior: , version: 80.0.3987.106, webStorageEnabled: true}
Session ID: 19f892f8498771d539445fd70797b21d
*** Element info: {Using=xpath, value=//table[@id='enrollment-building-list']/thead/following-sibling::tbody/tr/td[4]/span}
	at sun.reflect.NativeConstructorAccessorImpl.newInstance0(Native Method)
	at sun.reflect.NativeConstructorAccessorImpl.newInstance(NativeConstructorAccessorImpl.java:62)
	at sun.reflect.DelegatingConstructorAccessorImpl.newInstance(DelegatingConstructorAccessorImpl.java:45)
	at java.lang.reflect.Constructor.newInstance(Constructor.java:423)
	at org.openqa.selenium.remote.ErrorHandler.createThrowable(ErrorHandler.java:214)
	at org.openqa.selenium.remote.ErrorHandler.throwIfResponseFailed(ErrorHandler.java:166)
	at org.openqa.selenium.remote.http.JsonHttpResponseCodec.reconstructValue(JsonHttpResponseCodec.java:40)
	at org.openqa.selenium.remote.http.AbstractHttpResponseCodec.decode(AbstractHttpResponseCodec.java:80)
	at org.openqa.selenium.remote.http.AbstractHttpResponseCodec.decode(AbstractHttpResponseCodec.java:44)
	at org.openqa.selenium.remote.HttpCommandExecutor.execute(HttpCommandExecutor.java:158)
	at org.openqa.selenium.remote.service.DriverCommandExecutor.execute(DriverCommandExecutor.java:83)
	at org.openqa.selenium.remote.RemoteWebDriver.execute(RemoteWebDriver.java:552)
	at org.openqa.selenium.remote.RemoteWebDriver.findElement(RemoteWebDriver.java:323)
	at org.openqa.selenium.remote.RemoteWebDriver.findElementByXPath(RemoteWebDriver.java:428)
	at org.openqa.selenium.By$ByXPath.findElement(By.java:353)
	at org.openqa.selenium.remote.RemoteWebDriver.findElement(RemoteWebDriver.java:315)
	at com.esg.utilities.BaseClass.Xpath(BaseClass.java:51)
	at com.esg.utilities.ExtentReport.VerifyElementForExistingValueWithText(ExtentReport.java:57)
	at com.esg.testclasses.Benchmarking_TestClass.BenchmarkingDataRequestPortal(Benchmarking_TestClass.java:374)
	at com.esg.executableclasses.BenchMarking_ExecutableClass.BenchmarkingDataRequestPortalModule(BenchMarking_ExecutableClass.java:65)
	at sun.reflect.NativeMethodAccessorImpl.invoke0(Native Method)
	at sun.reflect.NativeMethodAccessorImpl.invoke(NativeMethodAccessorImpl.java:62)
	at sun.reflect.DelegatingMethodAccessorImpl.invoke(DelegatingMethodAccessorImpl.java:43)
	at java.lang.reflect.Method.invoke(Method.java:498)
	at org.testng.internal.MethodInvocationHelper.invokeMethod(MethodInvocationHelper.java:86)
	at org.testng.internal.Invoker.invokeMethod(Invoker.java:645)
	at org.testng.internal.Invoker.invokeTestMethod(Invoker.java:822)
	at org.testng.internal.Invoker.invokeTestMethods(Invoker.java:1130)
	at org.testng.internal.TestMethodWorker.invokeTestMethods(TestMethodWorker.java:129)
	at org.testng.internal.TestMethodWorker.run(TestMethodWorker.java:112)
	at org.testng.TestRunner.privateRun(TestRunner.java:782)
	at org.testng.TestRunner.run(TestRunner.java:632)
	at org.testng.SuiteRunner.runTest(SuiteRunner.java:366)
	at org.testng.SuiteRunner.runSequentially(SuiteRunner.java:361)
	at org.testng.SuiteRunner.privateRun(SuiteRunner.java:319)
	at org.testng.SuiteRunner.run(SuiteRunner.java:268)
	at org.testng.SuiteRunnerWorker.runSuite(SuiteRunnerWorker.java:52)
	at org.testng.SuiteRunnerWorker.run(SuiteRunnerWorker.java:86)
	at org.testng.TestNG.runSuitesSequentially(TestNG.java:1244)
	at org.testng.TestNG.runSuitesLocally(TestNG.java:1169)
	at org.testng.TestNG.run(TestNG.java:1064)
	at org.testng.remote.RemoteTestNG.run(RemoteTestNG.java:113)
	at org.testng.remote.RemoteTestNG.initAndRun(RemoteTestNG.java:206)
	at org.testng.remote.RemoteTestNG.main(RemoteTestNG.java:177)
]]>
            </full-stacktrace>
          </exception> <!-- org.openqa.selenium.NoSuchElementException -->
          <reporter-output>
          </reporter-output>
        </test-method> <!-- BenchmarkingDataRequestPortalModule -->
        <test-method status="PASS" signature="getResult(org.testng.ITestResult)[pri:0, instance:com.esg.executableclasses.BenchMarking_ExecutableClass@6bdf28bb]" name="getResult" is-config="true" duration-ms="724" started-at="2020-02-18T14:12:48Z" finished-at="2020-02-18T14:12:48Z">
          <params>
            <param index="0">
              <value>
                <![CDATA[[TestResult name=BenchmarkingDataRequestPortalModule status=FAILURE method=BenchMarking_ExecutableClass.BenchmarkingDataRequestPortalModule()[pri:10, instance:com.esg.executableclasses.BenchMarking_ExecutableClass@6bdf28bb] output={null}]]]>
              </value>
            </param>
          </params>
          <reporter-output>
          </reporter-output>
        </test-method> <!-- getResult -->
        <test-method status="PASS" signature="BenchmarkingNonaggreedatedModule()[pri:11, instance:com.esg.executableclasses.BenchMarking_ExecutableClass@6bdf28bb]" name="BenchmarkingNonaggreedatedModule" duration-ms="1181119" started-at="2020-02-18T14:12:48Z" finished-at="2020-02-18T14:32:29Z">
          <reporter-output>
          </reporter-output>
        </test-method> <!-- BenchmarkingNonaggreedatedModule -->
        <test-method status="PASS" signature="getResult(org.testng.ITestResult)[pri:0, instance:com.esg.executableclasses.BenchMarking_ExecutableClass@6bdf28bb]" name="getResult" is-config="true" duration-ms="1" started-at="2020-02-18T14:32:29Z" finished-at="2020-02-18T14:32:29Z">
          <params>
            <param index="0">
              <value>
                <![CDATA[[TestResult name=BenchmarkingNonaggreedatedModule status=SUCCESS method=BenchMarking_ExecutableClass.BenchmarkingNonaggreedatedModule()[pri:11, instance:com.esg.executableclasses.BenchMarking_ExecutableClass@6bdf28bb] output={null}]]]>
              </value>
            </param>
          </params>
          <reporter-output>
          </reporter-output>
        </test-method> <!-- getResult -->
        <test-method status="PASS" signature="Generate()[pri:0, instance:com.esg.executableclasses.BenchMarking_ExecutableClass@6bdf28bb]" name="Generate" is-config="true" duration-ms="262" started-at="2020-02-18T14:32:29Z" finished-at="2020-02-18T14:32:30Z">
          <reporter-output>
          </reporter-output>
        </test-method> <!-- Generate -->
      </class> <!-- com.esg.executableclasses.BenchMarking_ExecutableClass -->
    </test> <!-- Default test -->
  </suite> <!-- Default suite -->
</testng-results>
