<?xml version="1.0" encoding="UTF-8"?>
<testng-results skipped="0" failed="1" total="2" passed="1">
  <reporter-output>
  </reporter-output>
  <suite name="Default suite" duration-ms="703343" started-at="2020-02-12T07:00:15Z" finished-at="2020-02-12T07:11:59Z">
    <groups>
    </groups>
    <test name="Default test" duration-ms="703343" started-at="2020-02-12T07:00:15Z" finished-at="2020-02-12T07:11:59Z">
      <class name="com.esg.executableclasses.Canvassing_ExecutableClass">
        <test-method status="PASS" signature="Initialization()[pri:0, instance:com.esg.executableclasses.Canvassing_ExecutableClass@e580929]" name="Initialization" is-config="true" duration-ms="246" started-at="2020-02-12T12:30:15Z" finished-at="2020-02-12T12:30:16Z">
          <reporter-output>
          </reporter-output>
        </test-method> <!-- Initialization -->
        <test-method status="PASS" signature="Login_Module()[pri:1, instance:com.esg.executableclasses.Canvassing_ExecutableClass@e580929]" name="Login_Module" duration-ms="21654" started-at="2020-02-12T12:30:16Z" finished-at="2020-02-12T12:30:37Z">
          <reporter-output>
          </reporter-output>
        </test-method> <!-- Login_Module -->
        <test-method status="PASS" signature="getStatusWithScreenshot(org.testng.ITestResult)[pri:0, instance:com.esg.executableclasses.Canvassing_ExecutableClass@e580929]" name="getStatusWithScreenshot" is-config="true" duration-ms="1" started-at="2020-02-12T12:30:37Z" finished-at="2020-02-12T12:30:37Z">
          <params>
            <param index="0">
              <value>
                <![CDATA[[TestResult name=Login_Module status=SUCCESS method=Canvassing_ExecutableClass.Login_Module()[pri:1, instance:com.esg.executableclasses.Canvassing_ExecutableClass@e580929] output={null}]]]>
              </value>
            </param>
          </params>
          <reporter-output>
          </reporter-output>
        </test-method> <!-- getStatusWithScreenshot -->
        <test-method status="FAIL" signature="Copy_Customer_Canvassing_List_Module()[pri:8, instance:com.esg.executableclasses.Canvassing_ExecutableClass@e580929]" name="Copy_Customer_Canvassing_List_Module" duration-ms="680411" started-at="2020-02-12T12:30:37Z" finished-at="2020-02-12T12:41:58Z">
          <exception class="org.openqa.selenium.NoSuchElementException">
            <message>
              <![CDATA[no such element: Unable to locate element: {"method":"xpath","selector":"//tr[@id='ctl00_cphSiteMaster_RadGrid1_ctl00__0']/td[2]/a"}
  (Session info: chrome=80.0.3987.100)
  (Driver info: chromedriver=2.43.600210 (68dcf5eebde37173d4027fa8635e332711d2874a),platform=Windows NT 10.0.18362 x86_64) (WARNING: The server did not provide any stacktrace information)
Command duration or timeout: 0 milliseconds
For documentation on this error, please visit: https://www.seleniumhq.org/exceptions/no_such_element.html
Build info: version: '3.141.59', revision: 'e82be7d358', time: '2018-11-14T08:17:03'
System info: host: 'DESKTOP-EQHIDO3', ip: '172.16.53.94', os.name: 'Windows 10', os.arch: 'amd64', os.version: '10.0', java.version: '1.8.0_231'
Driver info: org.openqa.selenium.chrome.ChromeDriver
Capabilities {acceptInsecureCerts: false, acceptSslCerts: false, applicationCacheEnabled: false, browserConnectionEnabled: false, browserName: chrome, chrome: {chromedriverVersion: 2.43.600210 (68dcf5eebde371..., userDataDir: C:\Users\Admin\AppData\Loca...}, cssSelectorsEnabled: true, databaseEnabled: false, goog:chromeOptions: {debuggerAddress: localhost:55097}, handlesAlerts: true, hasTouchScreen: false, javascriptEnabled: true, locationContextEnabled: true, mobileEmulationEnabled: false, nativeEvents: true, networkConnectionEnabled: false, pageLoadStrategy: normal, platform: XP, platformName: XP, rotatable: false, setWindowRect: true, takesHeapSnapshot: true, takesScreenshot: true, unexpectedAlertBehaviour: , unhandledPromptBehavior: , version: 80.0.3987.100, webStorageEnabled: true}
Session ID: 7bd977e6d5174c5e8c3c84cc15daf8b0
*** Element info: {Using=xpath, value=//tr[@id='ctl00_cphSiteMaster_RadGrid1_ctl00__0']/td[2]/a}]]>
            </message>
            <full-stacktrace>
              <![CDATA[org.openqa.selenium.NoSuchElementException: no such element: Unable to locate element: {"method":"xpath","selector":"//tr[@id='ctl00_cphSiteMaster_RadGrid1_ctl00__0']/td[2]/a"}
  (Session info: chrome=80.0.3987.100)
  (Driver info: chromedriver=2.43.600210 (68dcf5eebde37173d4027fa8635e332711d2874a),platform=Windows NT 10.0.18362 x86_64) (WARNING: The server did not provide any stacktrace information)
Command duration or timeout: 0 milliseconds
For documentation on this error, please visit: https://www.seleniumhq.org/exceptions/no_such_element.html
Build info: version: '3.141.59', revision: 'e82be7d358', time: '2018-11-14T08:17:03'
System info: host: 'DESKTOP-EQHIDO3', ip: '172.16.53.94', os.name: 'Windows 10', os.arch: 'amd64', os.version: '10.0', java.version: '1.8.0_231'
Driver info: org.openqa.selenium.chrome.ChromeDriver
Capabilities {acceptInsecureCerts: false, acceptSslCerts: false, applicationCacheEnabled: false, browserConnectionEnabled: false, browserName: chrome, chrome: {chromedriverVersion: 2.43.600210 (68dcf5eebde371..., userDataDir: C:\Users\Admin\AppData\Loca...}, cssSelectorsEnabled: true, databaseEnabled: false, goog:chromeOptions: {debuggerAddress: localhost:55097}, handlesAlerts: true, hasTouchScreen: false, javascriptEnabled: true, locationContextEnabled: true, mobileEmulationEnabled: false, nativeEvents: true, networkConnectionEnabled: false, pageLoadStrategy: normal, platform: XP, platformName: XP, rotatable: false, setWindowRect: true, takesHeapSnapshot: true, takesScreenshot: true, unexpectedAlertBehaviour: , unhandledPromptBehavior: , version: 80.0.3987.100, webStorageEnabled: true}
Session ID: 7bd977e6d5174c5e8c3c84cc15daf8b0
*** Element info: {Using=xpath, value=//tr[@id='ctl00_cphSiteMaster_RadGrid1_ctl00__0']/td[2]/a}
	at sun.reflect.NativeConstructorAccessorImpl.newInstance0(Native Method)
	at sun.reflect.NativeConstructorAccessorImpl.newInstance(Unknown Source)
	at sun.reflect.DelegatingConstructorAccessorImpl.newInstance(Unknown Source)
	at java.lang.reflect.Constructor.newInstance(Unknown Source)
	at org.openqa.selenium.remote.ErrorHandler.createThrowable(ErrorHandler.java:214)
	at org.openqa.selenium.remote.ErrorHandler.throwIfResponseFailed(ErrorHandler.java:166)
	at org.openqa.selenium.remote.http.JsonHttpResponseCodec.reconstructValue(JsonHttpResponseCodec.java:40)
	at org.openqa.selenium.remote.http.AbstractHttpResponseCodec.decode(AbstractHttpResponseCodec.java:80)
	at org.openqa.selenium.remote.http.AbstractHttpResponseCodec.decode(AbstractHttpResponseCodec.java:44)
	at org.openqa.selenium.remote.HttpCommandExecutor.execute(HttpCommandExecutor.java:158)
	at org.openqa.selenium.remote.service.DriverCommandExecutor.execute(DriverCommandExecutor.java:83)
	at org.openqa.selenium.remote.RemoteWebDriver.execute(RemoteWebDriver.java:552)
	at org.openqa.selenium.remote.RemoteWebDriver.findElement(RemoteWebDriver.java:323)
	at org.openqa.selenium.remote.RemoteWebDriver.findElementByXPath(RemoteWebDriver.java:428)
	at org.openqa.selenium.By$ByXPath.findElement(By.java:353)
	at org.openqa.selenium.remote.RemoteWebDriver.findElement(RemoteWebDriver.java:315)
	at com.esg.utilities.BaseClass.Xpath(BaseClass.java:51)
	at com.esg.utilities.ExtentReport.VerifyElementForExistingValueWithText(ExtentReport.java:57)
	at com.esg.testclasses.Canvassing_TestClass.Copy_Customer_Canvasing_List(Canvassing_TestClass.java:636)
	at com.esg.executableclasses.Canvassing_ExecutableClass.Copy_Customer_Canvassing_List_Module(Canvassing_ExecutableClass.java:62)
	at sun.reflect.NativeMethodAccessorImpl.invoke0(Native Method)
	at sun.reflect.NativeMethodAccessorImpl.invoke(Unknown Source)
	at sun.reflect.DelegatingMethodAccessorImpl.invoke(Unknown Source)
	at java.lang.reflect.Method.invoke(Unknown Source)
	at org.testng.internal.MethodInvocationHelper.invokeMethod(MethodInvocationHelper.java:86)
	at org.testng.internal.Invoker.invokeMethod(Invoker.java:645)
	at org.testng.internal.Invoker.invokeTestMethod(Invoker.java:822)
	at org.testng.internal.Invoker.invokeTestMethods(Invoker.java:1130)
	at org.testng.internal.TestMethodWorker.invokeTestMethods(TestMethodWorker.java:129)
	at org.testng.internal.TestMethodWorker.run(TestMethodWorker.java:112)
	at org.testng.TestRunner.privateRun(TestRunner.java:782)
	at org.testng.TestRunner.run(TestRunner.java:632)
	at org.testng.SuiteRunner.runTest(SuiteRunner.java:366)
	at org.testng.SuiteRunner.runSequentially(SuiteRunner.java:361)
	at org.testng.SuiteRunner.privateRun(SuiteRunner.java:319)
	at org.testng.SuiteRunner.run(SuiteRunner.java:268)
	at org.testng.SuiteRunnerWorker.runSuite(SuiteRunnerWorker.java:52)
	at org.testng.SuiteRunnerWorker.run(SuiteRunnerWorker.java:86)
	at org.testng.TestNG.runSuitesSequentially(TestNG.java:1244)
	at org.testng.TestNG.runSuitesLocally(TestNG.java:1169)
	at org.testng.TestNG.run(TestNG.java:1064)
	at org.testng.remote.RemoteTestNG.run(RemoteTestNG.java:113)
	at org.testng.remote.RemoteTestNG.initAndRun(RemoteTestNG.java:206)
	at org.testng.remote.RemoteTestNG.main(RemoteTestNG.java:177)
]]>
            </full-stacktrace>
          </exception> <!-- org.openqa.selenium.NoSuchElementException -->
          <reporter-output>
          </reporter-output>
        </test-method> <!-- Copy_Customer_Canvassing_List_Module -->
        <test-method status="PASS" signature="getStatusWithScreenshot(org.testng.ITestResult)[pri:0, instance:com.esg.executableclasses.Canvassing_ExecutableClass@e580929]" name="getStatusWithScreenshot" is-config="true" duration-ms="757" started-at="2020-02-12T12:41:58Z" finished-at="2020-02-12T12:41:58Z">
          <params>
            <param index="0">
              <value>
                <![CDATA[[TestResult name=Copy_Customer_Canvassing_List_Module status=FAILURE method=Canvassing_ExecutableClass.Copy_Customer_Canvassing_List_Module()[pri:8, instance:com.esg.executableclasses.Canvassing_ExecutableClass@e580929] output={null}]]]>
              </value>
            </param>
          </params>
          <reporter-output>
          </reporter-output>
        </test-method> <!-- getStatusWithScreenshot -->
        <test-method status="PASS" signature="Report()[pri:0, instance:com.esg.executableclasses.Canvassing_ExecutableClass@e580929]" name="Report" is-config="true" duration-ms="248" started-at="2020-02-12T12:41:58Z" finished-at="2020-02-12T12:41:59Z">
          <reporter-output>
          </reporter-output>
        </test-method> <!-- Report -->
      </class> <!-- com.esg.executableclasses.Canvassing_ExecutableClass -->
    </test> <!-- Default test -->
  </suite> <!-- Default suite -->
</testng-results>
